[debug] [2024-06-10T16:33:20.819Z] ----------------------------------------------------------------------
[debug] [2024-06-10T16:33:20.825Z] Command:       C:\Program Files (x86)\nodejs\node.exe C:\Users\PC\AppData\Roaming\npm\node_modules\firebase-tools\lib\bin\firebase.js init
[debug] [2024-06-10T16:33:20.826Z] CLI Version:   13.11.2
[debug] [2024-06-10T16:33:20.826Z] Platform:      win32
[debug] [2024-06-10T16:33:20.827Z] Node Version:  v21.6.2
[debug] [2024-06-10T16:33:20.827Z] Time:          Mon Jun 10 2024 17:33:20 GMT+0100 (West Africa Standard Time)
[debug] [2024-06-10T16:33:20.827Z] ----------------------------------------------------------------------
[debug] 
[debug] [2024-06-10T16:33:20.845Z] > command requires scopes: ["email","openid","https://www.googleapis.com/auth/cloudplatformprojects.readonly","https://www.googleapis.com/auth/firebase","https://www.googleapis.com/auth/cloud-platform"]
[debug] [2024-06-10T16:33:20.846Z] > authorizing via signed-in user (wesleyoyinki6@gmail.com)
[info] 
     ######## #### ########  ######## ########     ###     ######  ########
     ##        ##  ##     ## ##       ##     ##  ##   ##  ##       ##
     ######    ##  ########  ######   ########  #########  ######  ######
     ##        ##  ##    ##  ##       ##     ## ##     ##       ## ##
     ##       #### ##     ## ######## ########  ##     ##  ######  ########

You're about to initialize a Firebase project in this directory:

  C:\Users\PC\Documents\p29

[info] 
=== Project Setup
[info] 
[info] First, let's associate this project directory with a Firebase project.
[info] You can create multiple project aliases by running firebase use --add, 
[info] but for now we'll just set up a default project.
[info] 
[debug] [2024-06-10T16:34:37.812Z] >>> [apiv2][query] GET https://firebase.googleapis.com/v1beta1/projects pageSize=100
[debug] [2024-06-10T16:34:39.177Z] <<< [apiv2][status] GET https://firebase.googleapis.com/v1beta1/projects 200
[debug] [2024-06-10T16:34:39.178Z] <<< [apiv2][body] GET https://firebase.googleapis.com/v1beta1/projects [omitted]
